15-04-02 16:14:55 [未知][1884]用户[0000][操作[IMOS_GetMicVolume]]
15-04-02 16:19:13 [未知][1884]用户[0000][操作[IMOS_GetMicVolume]]
15-04-02 16:19:51 [未知][1884]用户[0000][操作[IMOS_GetMicVolume]]
15-06-18 09:07:32 [未知][1884]用户[0000][操作[IMOS_GetMicVolume]]
15-06-18 09:07:32 [未知][1870]用户[0000][操作[IMOS_GetVolume]]
15-06-18 09:24:17 [失败][4660]用户[0000][操作[IMOS_StartMonitor] 摄像机:1722051146]
15-06-18 09:24:19 [失败][4660]用户[0000][操作[StartMonitor]]
15-06-18 09:26:21 [失败][4660]用户[0000][操作[IMOS_StartMonitor] 摄像机:1722051146]
15-06-18 09:26:49 [失败][4660]用户[0000][操作[StartMonitor]]
15-06-18 09:38:16 [失败][2]用户[0000][操作[StartMonitor]]
15-06-18 09:40:26 [失败][2]用户[0000][操作[StartMonitor]]
15-06-18 09:40:37 [未知][1844]用户[0000][操作[IMOS_StopSound]]
15-06-18 09:40:37 [未知][1844]用户[0000][操作[IMOS_StopSound]]
15-06-18 09:41:05 [失败][2]用户[0000][操作[StartMonitor]]
15-06-18 09:41:57 [失败][2]用户[0000][操作[StartMonitor]]
15-06-18 09:46:55 [失败][1]用户[0000][操作[IMOS_Login] 用户名:admin]
15-06-18 09:47:10 [失败][1]用户[0000][操作[IMOS_Login] 用户名:admin]
15-06-18 09:47:24 [失败][1]用户[][操作[IMOS_Login] 用户名:admin]
15-06-18 09:48:09 [失败][1]用户[][操作[IMOS_Login] 用户名:admin]
15-06-18 09:48:16 [未知][1884]用户[0000][操作[IMOS_GetMicVolume]]
15-06-18 09:48:16 [未知][1870]用户[0000][操作[IMOS_GetVolume]]
15-06-18 09:54:37 [失败][1]用户[0000][操作[IMOS_Login] 用户名:admin]
15-06-18 14:47:19 [未知][1884]用户[0000][操作[IMOS_GetMicVolume]]
15-06-18 14:47:19 [未知][1870]用户[0000][操作[IMOS_GetVolume]]
15-06-18 14:47:31 [失败][2]用户[0000][操作[StartMonitor]]
15-06-18 14:47:41 [未知][1]用户[0000][操作[窗口正在播放]]
15-06-18 14:47:43 [未知][1]用户[0000][操作[窗口正在播放]]
15-06-18 14:47:43 [失败][4660]用户[0000][操作[IMOS_StartMonitor] 摄像机:1722051146]
15-06-18 14:47:45 [失败][4660]用户[0000][操作[StartMonitor]]
15-06-18 16:23:24 [未知][1884]用户[0000][操作[IMOS_GetMicVolume]]
15-06-18 16:23:24 [未知][1870]用户[0000][操作[IMOS_GetVolume]]
