C:\DLL\CLIENT.DLL
C:\DLL\CLIENT.ILK
C:\DLL\CLIENT.PDB
D:\_GuoWangNew\PlugIns\Unicode\Client\Client\Debug\cl.command.1.tlog
D:\_GuoWangNew\PlugIns\Unicode\Client\Client\Debug\CL.read.1.tlog
D:\_GuoWangNew\PlugIns\Unicode\Client\Client\Debug\CL.write.1.tlog
D:\_GUOWANGNEW\PLUGINS\UNICODE\CLIENT\CLIENT\DEBUG\CLIENT.DLL.EMBED.MANIFEST
D:\_GUOWANGNEW\PLUGINS\UNICODE\CLIENT\CLIENT\DEBUG\CLIENT.DLL.EMBED.MANIFEST.RES
D:\_GUOWANGNEW\PLUGINS\UNICODE\CLIENT\CLIENT\DEBUG\CLIENT.DLL.INTERMEDIATE.MANIFEST
D:\_GUOWANGNEW\PLUGINS\UNICODE\CLIENT\CLIENT\DEBUG\CLIENT.OBJ
D:\_GUOWANGNEW\PLUGINS\UNICODE\CLIENT\CLIENT\DEBUG\CLIENT.PCH
D:\_GUOWANGNEW\PLUGINS\UNICODE\CLIENT\CLIENT\DEBUG\CLIENT.RES
D:\_GuoWangNew\PlugIns\Unicode\Client\Client\Debug\Client.vcxprojResolveAssemblyReference.cache
D:\_GuoWangNew\PlugIns\Unicode\Client\Client\Debug\Client.write.1.tlog
D:\_GuoWangNew\PlugIns\Unicode\Client\Client\Debug\Client_manifest.rc
D:\_GUOWANGNEW\PLUGINS\UNICODE\CLIENT\CLIENT\DEBUG\ENVCONFIG.OBJ
D:\_GuoWangNew\PlugIns\Unicode\Client\Client\Debug\link.10636.read.1.tlog
D:\_GuoWangNew\PlugIns\Unicode\Client\Client\Debug\link.10636.write.1.tlog
D:\_GuoWangNew\PlugIns\Unicode\Client\Client\Debug\link.10636-cvtres.read.1.tlog
D:\_GuoWangNew\PlugIns\Unicode\Client\Client\Debug\link.10636-cvtres.write.1.tlog
D:\_GuoWangNew\PlugIns\Unicode\Client\Client\Debug\link.9100.read.1.tlog
D:\_GuoWangNew\PlugIns\Unicode\Client\Client\Debug\link.9100.write.1.tlog
D:\_GuoWangNew\PlugIns\Unicode\Client\Client\Debug\link.9100-cvtres.read.1.tlog
D:\_GuoWangNew\PlugIns\Unicode\Client\Client\Debug\link.9100-cvtres.write.1.tlog
D:\_GuoWangNew\PlugIns\Unicode\Client\Client\Debug\link.command.1.tlog
D:\_GuoWangNew\PlugIns\Unicode\Client\Client\Debug\link.read.1.tlog
D:\_GuoWangNew\PlugIns\Unicode\Client\Client\Debug\link.write.1.tlog
D:\_GuoWangNew\PlugIns\Unicode\Client\Client\Debug\link-cvtres.read.1.tlog
D:\_GuoWangNew\PlugIns\Unicode\Client\Client\Debug\link-cvtres.write.1.tlog
D:\_GuoWangNew\PlugIns\Unicode\Client\Client\Debug\mt.command.1.tlog
D:\_GuoWangNew\PlugIns\Unicode\Client\Client\Debug\mt.read.1.tlog
D:\_GuoWangNew\PlugIns\Unicode\Client\Client\Debug\mt.write.1.tlog
D:\_GUOWANGNEW\PLUGINS\UNICODE\CLIENT\CLIENT\DEBUG\PLUGINLOADER.OBJ
D:\_GuoWangNew\PlugIns\Unicode\Client\Client\Debug\rc.command.1.tlog
D:\_GuoWangNew\PlugIns\Unicode\Client\Client\Debug\rc.read.1.tlog
D:\_GuoWangNew\PlugIns\Unicode\Client\Client\Debug\rc.write.1.tlog
D:\_GUOWANGNEW\PLUGINS\UNICODE\CLIENT\CLIENT\DEBUG\RTSPCLIENT.OBJ
D:\_GUOWANGNEW\PLUGINS\UNICODE\CLIENT\CLIENT\DEBUG\STDAFX.OBJ
D:\_GUOWANGNEW\PLUGINS\UNICODE\CLIENT\CLIENT\DEBUG\UTILITIES.OBJ
D:\_GuoWangNew\PlugIns\Unicode\Client\Client\Debug\vc100.idb
D:\_GUOWANGNEW\PLUGINS\UNICODE\CLIENT\CLIENT\DEBUG\VC100.PDB
D:\_GuoWangNew\PlugIns\Unicode\Client\Debug\Client.dll
D:\_GuoWangNew\PlugIns\Unicode\Client\Debug\Client.exp
D:\_GuoWangNew\PlugIns\Unicode\Client\Debug\Client.ilk
D:\_GuoWangNew\PlugIns\Unicode\Client\Debug\Client.lib
D:\_GuoWangNew\PlugIns\Unicode\Client\Debug\Client.pdb
